###############################################################################
#
# IAR ANSI C/C++ Compiler V7.40.3.8902/W32 for ARM        29/Feb/2016  22:04:38
# Copyright 1999-2015 IAR Systems AB.
#
#    Cpu mode     =  thumb
#    Endian       =  little
#    Source file  =  
#        C:\Users\b51443\Desktop\FRDM_KL03Z\kl03-frdm-demo\src\common\io.c
#    Command line =  
#        C:\Users\b51443\Desktop\FRDM_KL03Z\kl03-frdm-demo\src\common\io.c -D
#        IAR -D FREEDOM -lCN
#        C:\Users\b51443\Desktop\FRDM_KL03Z\kl03-frdm-demo\build\iar\platinum\FLASH_32KB\List\
#        -o
#        C:\Users\b51443\Desktop\FRDM_KL03Z\kl03-frdm-demo\build\iar\platinum\FLASH_32KB\Obj\
#        --no_cse --no_unroll --no_inline --no_code_motion --no_tbaa
#        --no_clustering --no_scheduling --debug --endian=little
#        --cpu=Cortex-M0+ -e --fpu=None --dlib_config "C:\Program Files
#        (x86)\IAR Systems\Embedded Workbench
#        7.2\arm\INC\c\DLib_Config_Normal.h" -I
#        C:\Users\b51443\Desktop\FRDM_KL03Z\kl03-frdm-demo\build\iar\platinum\..\..\..\src\projects\platinum\
#        -I
#        C:\Users\b51443\Desktop\FRDM_KL03Z\kl03-frdm-demo\build\iar\platinum\..\..\..\src\common\
#        -I
#        C:\Users\b51443\Desktop\FRDM_KL03Z\kl03-frdm-demo\build\iar\platinum\..\..\..\src\cpu\
#        -I
#        C:\Users\b51443\Desktop\FRDM_KL03Z\kl03-frdm-demo\build\iar\platinum\..\..\..\src\cpu\headers\
#        -I
#        C:\Users\b51443\Desktop\FRDM_KL03Z\kl03-frdm-demo\build\iar\platinum\..\..\..\src\drivers\lptmr\
#        -I
#        C:\Users\b51443\Desktop\FRDM_KL03Z\kl03-frdm-demo\build\iar\platinum\..\..\..\src\drivers\mcg\
#        -I
#        C:\Users\b51443\Desktop\FRDM_KL03Z\kl03-frdm-demo\build\iar\platinum\..\..\..\src\drivers\pmc\
#        -I
#        C:\Users\b51443\Desktop\FRDM_KL03Z\kl03-frdm-demo\build\iar\platinum\..\..\..\src\drivers\rcm\
#        -I
#        C:\Users\b51443\Desktop\FRDM_KL03Z\kl03-frdm-demo\build\iar\platinum\..\..\..\src\drivers\smc\
#        -I
#        C:\Users\b51443\Desktop\FRDM_KL03Z\kl03-frdm-demo\build\iar\platinum\..\..\..\src\drivers\uart\
#        -I
#        C:\Users\b51443\Desktop\FRDM_KL03Z\kl03-frdm-demo\build\iar\platinum\..\..\..\src\drivers\wdog\
#        -I
#        C:\Users\b51443\Desktop\FRDM_KL03Z\kl03-frdm-demo\build\iar\platinum\..\..\..\src\drivers\cmp\
#        -I
#        C:\Users\b51443\Desktop\FRDM_KL03Z\kl03-frdm-demo\build\iar\platinum\..\..\..\src\platforms\
#        -I
#        C:\Users\b51443\Desktop\FRDM_KL03Z\kl03-frdm-demo\build\iar\platinum\..\
#        -Ol --use_c++_inline
#    List file    =  
#        C:\Users\b51443\Desktop\FRDM_KL03Z\kl03-frdm-demo\build\iar\platinum\FLASH_32KB\List\io.lst
#    Object file  =  
#        C:\Users\b51443\Desktop\FRDM_KL03Z\kl03-frdm-demo\build\iar\platinum\FLASH_32KB\Obj\io.o
#
###############################################################################

C:\Users\b51443\Desktop\FRDM_KL03Z\kl03-frdm-demo\src\common\io.c
      1          /*
      2           * File:		io.c
      3           * Purpose:		Serial Input/Output routines
      4           *
      5           * Notes:       TERMINAL_PORT defined in <board>.h
      6           */
      7          
      8          #include "common.h"
      9          #include "uart.h"
     10          
     11          /********************************************************************/

   \                                 In section .text, align 2, keep-with-next
     12          char
     13          in_char (void)
     14          {
   \                     in_char: (+1)
   \   00000000   0xB580             PUSH     {R7,LR}
     15              return uart0_getchar(LPUART0_BASE_PTR);
   \   00000002   0x....             LDR      R0,??DataTable2  ;; 0x40054000
   \   00000004   0x.... 0x....      BL       uart0_getchar
   \   00000008   0xBD02             POP      {R1,PC}          ;; return
     16           
     17          }
     18          /********************************************************************/

   \                                 In section .text, align 2, keep-with-next
     19          void
     20          out_char (char ch)
     21          {
   \                     out_char: (+1)
   \   00000000   0xB580             PUSH     {R7,LR}
     22              uart0_putchar(LPUART0_BASE_PTR, ch);
   \   00000002   0x0001             MOVS     R1,R0
   \   00000004   0xB2C9             UXTB     R1,R1
   \   00000006   0x....             LDR      R0,??DataTable2  ;; 0x40054000
   \   00000008   0x.... 0x....      BL       uart0_putchar
     23          }
   \   0000000C   0xBD01             POP      {R0,PC}          ;; return
     24          
     25          /********************************************************************/

   \                                 In section .text, align 2, keep-with-next
     26          int
     27          char_present (void)
     28          {
   \                     char_present: (+1)
   \   00000000   0xB580             PUSH     {R7,LR}
     29              return uart0_getchar_present(LPUART0_BASE_PTR);
   \   00000002   0x....             LDR      R0,??DataTable2  ;; 0x40054000
   \   00000004   0x.... 0x....      BL       uart0_getchar_present
   \   00000008   0xBD02             POP      {R1,PC}          ;; return
     30             
     31          }

   \                                 In section .text, align 4, keep-with-next
   \                     ??DataTable2:
   \   00000000   0x40054000         DC32     0x40054000
     32          /********************************************************************/

   Maximum stack usage in bytes:

   .cstack Function
   ------- --------
       8   char_present
         8   -> uart0_getchar_present
       8   in_char
         8   -> uart0_getchar
       8   out_char
         8   -> uart0_putchar


   Section sizes:

   Bytes  Function/Label
   -----  --------------
       4  ??DataTable2
      10  char_present
      10  in_char
      14  out_char

 
 38 bytes in section .text
 
 38 bytes of CODE memory

Errors: none
Warnings: 1
