###############################################################################
#
# IAR ANSI C/C++ Compiler V7.40.3.8902/W32 for ARM        09/Mar/2016  19:35:25
# Copyright 1999-2015 IAR Systems AB.
#
#    Cpu mode     =  thumb
#    Endian       =  little
#    Source file  =  
#        C:\Users\b51443\Desktop\GitResp\FRDM_KL03\kl03-frdm-demo\src\drivers\mcg\mcg_lite.c
#    Command line =  
#        C:\Users\b51443\Desktop\GitResp\FRDM_KL03\kl03-frdm-demo\src\drivers\mcg\mcg_lite.c
#        -D IAR -D FREEDOM -lCN
#        C:\Users\b51443\Desktop\GitResp\FRDM_KL03\kl03-frdm-demo\build\iar\adc\FLASH_32KB\List\
#        -o
#        C:\Users\b51443\Desktop\GitResp\FRDM_KL03\kl03-frdm-demo\build\iar\adc\FLASH_32KB\Obj\
#        --no_cse --no_unroll --no_inline --no_code_motion --no_tbaa
#        --no_clustering --no_scheduling --debug --endian=little
#        --cpu=Cortex-M0+ -e --fpu=None --dlib_config "C:\Program Files
#        (x86)\IAR Systems\Embedded Workbench
#        7.2\arm\INC\c\DLib_Config_Normal.h" -I
#        C:\Users\b51443\Desktop\GitResp\FRDM_KL03\kl03-frdm-demo\build\iar\adc\..\..\..\src\projects\adc\
#        -I
#        C:\Users\b51443\Desktop\GitResp\FRDM_KL03\kl03-frdm-demo\build\iar\adc\..\..\..\src\common\
#        -I
#        C:\Users\b51443\Desktop\GitResp\FRDM_KL03\kl03-frdm-demo\build\iar\adc\..\..\..\src\cpu\
#        -I
#        C:\Users\b51443\Desktop\GitResp\FRDM_KL03\kl03-frdm-demo\build\iar\adc\..\..\..\src\cpu\headers\
#        -I
#        C:\Users\b51443\Desktop\GitResp\FRDM_KL03\kl03-frdm-demo\build\iar\adc\..\..\..\src\drivers\lptmr\
#        -I
#        C:\Users\b51443\Desktop\GitResp\FRDM_KL03\kl03-frdm-demo\build\iar\adc\..\..\..\src\drivers\mcg\
#        -I
#        C:\Users\b51443\Desktop\GitResp\FRDM_KL03\kl03-frdm-demo\build\iar\adc\..\..\..\src\drivers\pmc\
#        -I
#        C:\Users\b51443\Desktop\GitResp\FRDM_KL03\kl03-frdm-demo\build\iar\adc\..\..\..\src\drivers\rcm\
#        -I
#        C:\Users\b51443\Desktop\GitResp\FRDM_KL03\kl03-frdm-demo\build\iar\adc\..\..\..\src\drivers\smc\
#        -I
#        C:\Users\b51443\Desktop\GitResp\FRDM_KL03\kl03-frdm-demo\build\iar\adc\..\..\..\src\drivers\uart\
#        -I
#        C:\Users\b51443\Desktop\GitResp\FRDM_KL03\kl03-frdm-demo\build\iar\adc\..\..\..\src\drivers\wdog\
#        -I
#        C:\Users\b51443\Desktop\GitResp\FRDM_KL03\kl03-frdm-demo\build\iar\adc\..\..\..\src\drivers\cmp\
#        -I
#        C:\Users\b51443\Desktop\GitResp\FRDM_KL03\kl03-frdm-demo\build\iar\adc\..\..\..\src\platforms\
#        -I
#        C:\Users\b51443\Desktop\GitResp\FRDM_KL03\kl03-frdm-demo\build\iar\adc\..\
#        -I
#        C:\Users\b51443\Desktop\GitResp\FRDM_KL03\kl03-frdm-demo\build\iar\adc\..\..\..\src\drivers\adc\
#        -On --use_c++_inline
#    List file    =  
#        C:\Users\b51443\Desktop\GitResp\FRDM_KL03\kl03-frdm-demo\build\iar\adc\FLASH_32KB\List\mcg_lite.lst
#    Object file  =  
#        C:\Users\b51443\Desktop\GitResp\FRDM_KL03\kl03-frdm-demo\build\iar\adc\FLASH_32KB\Obj\mcg_lite.o
#
###############################################################################

C:\Users\b51443\Desktop\GitResp\FRDM_KL03\kl03-frdm-demo\src\drivers\mcg\mcg_lite.c
      1          /*
      2           * File:    mcg.c
      3           *
      4           * Notes:
      5           * Assumes the MCG-lite mode is in the default LIRC mode out of reset
      6           */
      7          #include "common.h"
      8          #include "mcg_lite.h"
      9          
     10          
     11          unsigned long MCG_HIRC48(void);
     12          

   \                                 In section .text, align 4, keep-with-next
     13          unsigned long MCG_HIRC48(void)
     14          {
   \                     MCG_HIRC48: (+1)
   \   00000000   0xB500             PUSH     {LR}
     15              unsigned long i;
     16              MCG_MC |= MCG_MC_HIRCEN_MASK;
   \   00000002   0x480E             LDR      R0,??MCG_HIRC48_0  ;; 0x40064018
   \   00000004   0x7800             LDRB     R0,[R0, #+0]
   \   00000006   0x2280             MOVS     R2,#+128
   \   00000008   0x4302             ORRS     R2,R2,R0
   \   0000000A   0x480C             LDR      R0,??MCG_HIRC48_0  ;; 0x40064018
   \   0000000C   0x7002             STRB     R2,[R0, #+0]
     17              MCG_C1 = MCG_C1_CLKS(0);
   \   0000000E   0x2000             MOVS     R0,#+0
   \   00000010   0x4A0B             LDR      R2,??MCG_HIRC48_0+0x4  ;; 0x40064000
   \   00000012   0x7010             STRB     R0,[R2, #+0]
     18              
     19              i = 0;
   \   00000014   0x2000             MOVS     R0,#+0
   \   00000016   0x0001             MOVS     R1,R0
     20              while(((MCG_S&MCG_S_CLKST_MASK)!=0) && (i<20000))
   \                     ??MCG_HIRC48_1: (+1)
   \   00000018   0x480A             LDR      R0,??MCG_HIRC48_0+0x8  ;; 0x40064006
   \   0000001A   0x7800             LDRB     R0,[R0, #+0]
   \   0000001C   0x220C             MOVS     R2,#+12
   \   0000001E   0x4210             TST      R0,R2
   \   00000020   0xD004             BEQ      ??MCG_HIRC48_2
   \   00000022   0x4809             LDR      R0,??MCG_HIRC48_0+0xC  ;; 0x4e20
   \   00000024   0x4281             CMP      R1,R0
   \   00000026   0xD201             BCS      ??MCG_HIRC48_2
     21              {
     22                  i++;
   \   00000028   0x1C49             ADDS     R1,R1,#+1
   \   0000002A   0xE7F5             B        ??MCG_HIRC48_1
     23              }
     24              if(i<20000)
   \                     ??MCG_HIRC48_2: (+1)
   \   0000002C   0x4806             LDR      R0,??MCG_HIRC48_0+0xC  ;; 0x4e20
   \   0000002E   0x4281             CMP      R1,R0
   \   00000030   0xD201             BCS      ??MCG_HIRC48_3
     25              {
     26                  return 48000000;
   \   00000032   0x4806             LDR      R0,??MCG_HIRC48_0+0x10  ;; 0x2dc6c00
   \   00000034   0xE000             B        ??MCG_HIRC48_4
     27              }
     28              else
     29              {
     30                  return 0;
   \                     ??MCG_HIRC48_3: (+1)
   \   00000036   0x2000             MOVS     R0,#+0
   \                     ??MCG_HIRC48_4: (+1)
   \   00000038   0xBD00             POP      {PC}             ;; return
   \   0000003A   0xBF00             Nop      
   \                     ??MCG_HIRC48_0:
   \   0000003C   0x40064018         DC32     0x40064018
   \   00000040   0x40064000         DC32     0x40064000
   \   00000044   0x40064006         DC32     0x40064006
   \   00000048   0x00004E20         DC32     0x4e20
   \   0000004C   0x02DC6C00         DC32     0x2dc6c00
     31              }
     32          }
     33          
     34          
     35          
     36          

   Maximum stack usage in bytes:

   .cstack Function
   ------- --------
       4   MCG_HIRC48


   Section sizes:

   Bytes  Function/Label
   -----  --------------
      80  MCG_HIRC48

 
 80 bytes in section .text
 
 80 bytes of CODE memory

Errors: none
Warnings: none
